TN:
SF:__tests__\setup\test-utils.ts
FN:4,mockRequest
FN:15,mockReply
FN:29,createAsyncMock
FN:33,createAsyncErrorMock
FN:37,generateTestId
FN:41,generateTestUUID
FN:45,createTestDate
FNF:7
FNH:4
FNDA:19,mockRequest
FNDA:19,mockReply
FNDA:0,createAsyncMock
FNDA:0,createAsyncErrorMock
FNDA:0,generateTestId
FNDA:246,generateTestUUID
FNDA:486,createTestDate
DA:2,1
DA:4,1
DA:5,19
DA:6,19
DA:7,19
DA:8,19
DA:9,19
DA:10,19
DA:11,19
DA:12,19
DA:13,19
DA:15,1
DA:16,19
DA:17,19
DA:18,19
DA:19,19
DA:20,19
DA:21,19
DA:22,19
DA:23,19
DA:24,19
DA:25,19
DA:27,1
DA:29,1
DA:30,0
DA:31,0
DA:33,1
DA:34,0
DA:35,0
DA:37,1
DA:38,0
DA:39,0
DA:41,1
DA:42,246
DA:43,246
DA:45,1
DA:46,486
DA:47,486
LF:38
LH:32
BRDA:4,0,0,19
BRDA:15,1,0,19
BRDA:41,2,0,246
BRDA:45,3,0,486
BRF:4
BRH:4
end_of_record
TN:
SF:__tests__\setup\mocks\entity-mocks.ts
FN:7,mockUser
FN:14,mockUserList
FN:21,mockProfessor
FN:29,mockProfessorList
FN:36,mockPost
FN:47,mockPostList
FN:68,mockCreateUserData
FN:74,mockCreateProfessorData
FN:81,mockCreatePostData
FN:89,mockPostWithProfessor
FN:95,mockProfessorWithUser
FN:101,mockPostWithProfessorAndUser
FNF:12
FNH:9
FNDA:93,mockUser
FNDA:10,mockUserList
FNDA:173,mockProfessor
FNDA:20,mockProfessorList
FNDA:243,mockPost
FNDA:54,mockPostList
FNDA:0,mockCreateUserData
FNDA:0,mockCreateProfessorData
FNDA:3,mockCreatePostData
FNDA:40,mockPostWithProfessor
FNDA:10,mockProfessorWithUser
FNDA:0,mockPostWithProfessorAndUser
DA:5,1
DA:7,1
DA:8,93
DA:9,93
DA:10,93
DA:11,93
DA:12,93
DA:14,1
DA:15,10
DA:16,10
DA:17,10
DA:18,10
DA:19,10
DA:21,1
DA:22,173
DA:23,173
DA:24,173
DA:25,173
DA:26,173
DA:27,173
DA:29,1
DA:30,20
DA:31,20
DA:32,20
DA:33,20
DA:34,20
DA:36,1
DA:37,243
DA:38,243
DA:39,243
DA:40,243
DA:41,243
DA:42,243
DA:43,243
DA:44,243
DA:45,243
DA:47,1
DA:48,54
DA:49,54
DA:50,54
DA:51,54
DA:52,54
DA:53,54
DA:54,54
DA:55,54
DA:56,54
DA:57,54
DA:58,54
DA:59,54
DA:60,54
DA:61,54
DA:62,54
DA:63,54
DA:64,54
DA:65,54
DA:66,54
DA:68,1
DA:69,0
DA:70,0
DA:71,0
DA:72,0
DA:74,1
DA:75,0
DA:76,0
DA:77,0
DA:78,0
DA:79,0
DA:81,1
DA:82,3
DA:83,3
DA:84,3
DA:85,3
DA:86,3
DA:87,3
DA:89,1
DA:90,40
DA:91,40
DA:92,40
DA:93,40
DA:95,1
DA:96,10
DA:97,10
DA:98,10
DA:99,10
DA:101,1
DA:102,0
DA:103,0
DA:104,0
DA:105,0
DA:106,0
DA:107,0
DA:108,0
LF:92
LH:76
BRDA:7,0,0,93
BRDA:14,1,0,10
BRDA:21,2,0,173
BRDA:29,3,0,20
BRDA:36,4,0,243
BRDA:47,5,0,54
BRDA:81,6,0,3
BRDA:89,7,0,40
BRDA:95,8,0,10
BRF:9
BRH:9
end_of_record
TN:
SF:__tests__\setup\mocks\repository-mocks.ts
FN:60,createRepositoryMock
FN:69,resetRepositoryMocks
FN:88,notFound
FN:96,databaseError
FN:104,conflict
FN:111,default
FNF:6
FNH:0
FNDA:0,createRepositoryMock
FNDA:0,resetRepositoryMocks
FNDA:0,notFound
FNDA:0,databaseError
FNDA:0,conflict
FNDA:0,default
DA:1,1
DA:2,1
DA:13,1
DA:14,1
DA:15,1
DA:16,1
DA:17,1
DA:18,1
DA:19,1
DA:20,1
DA:21,1
DA:23,1
DA:24,1
DA:25,1
DA:26,1
DA:27,1
DA:28,1
DA:29,1
DA:30,1
DA:31,1
DA:32,1
DA:33,1
DA:35,1
DA:36,1
DA:37,1
DA:38,1
DA:39,1
DA:40,1
DA:41,1
DA:42,1
DA:43,1
DA:44,1
DA:45,1
DA:46,1
DA:47,1
DA:48,1
DA:49,1
DA:51,1
DA:52,1
DA:53,1
DA:54,1
DA:55,1
DA:56,0
DA:57,1
DA:58,1
DA:60,1
DA:61,0
DA:62,0
DA:63,0
DA:64,0
DA:65,0
DA:66,0
DA:67,0
DA:69,1
DA:70,0
DA:71,0
DA:72,0
DA:73,0
DA:74,0
DA:75,0
DA:76,0
DA:77,0
DA:78,0
DA:79,0
DA:80,0
DA:81,0
DA:82,0
DA:83,0
DA:84,0
DA:85,0
DA:87,1
DA:88,1
DA:89,0
DA:90,0
DA:91,0
DA:92,0
DA:93,0
DA:94,0
DA:96,1
DA:97,0
DA:98,0
DA:99,0
DA:100,0
DA:101,0
DA:102,0
DA:104,1
DA:105,0
DA:106,0
DA:107,0
DA:108,0
DA:109,0
DA:111,1
DA:112,0
DA:113,0
DA:114,0
DA:115,0
DA:116,0
DA:117,0
DA:118,1
LF:99
LH:52
BRDA:43,0,0,30
BRF:1
BRH:1
end_of_record
TN:
SF:__tests__\utils\fake-auth.ts
FN:1,(empty-report)
FNF:1
FNH:0
FNDA:0,(empty-report)
DA:1,0
DA:2,0
DA:3,0
DA:4,0
DA:5,0
DA:6,0
DA:7,0
DA:8,0
DA:9,0
DA:10,0
DA:11,0
DA:12,0
DA:13,0
DA:14,0
DA:15,0
DA:16,0
DA:17,0
DA:18,0
DA:19,0
DA:20,0
LF:20
LH:0
BRDA:1,0,0,0
BRF:1
BRH:0
end_of_record
TN:
SF:src\app.ts
FN:1,(empty-report)
FNF:1
FNH:0
FNDA:0,(empty-report)
DA:1,0
DA:2,0
DA:3,0
DA:4,0
DA:5,0
DA:6,0
DA:7,0
DA:8,0
DA:9,0
DA:10,0
DA:11,0
DA:12,0
DA:13,0
DA:14,0
DA:15,0
DA:16,0
DA:17,0
DA:18,0
DA:19,0
DA:20,0
DA:21,0
DA:22,0
DA:23,0
DA:24,0
DA:25,0
DA:26,0
DA:27,0
DA:28,0
DA:29,0
DA:30,0
DA:31,0
DA:32,0
DA:33,0
DA:34,0
DA:35,0
DA:36,0
DA:37,0
DA:38,0
DA:39,0
DA:40,0
DA:41,0
DA:42,0
DA:43,0
DA:44,0
DA:45,0
DA:46,0
DA:47,0
DA:48,0
DA:49,0
DA:50,0
DA:51,0
DA:52,0
DA:53,0
DA:54,0
DA:55,0
DA:56,0
DA:57,0
DA:58,0
DA:59,0
DA:60,0
DA:61,0
DA:62,0
DA:63,0
DA:64,0
DA:65,0
DA:66,0
DA:67,0
DA:68,0
DA:69,0
DA:70,0
DA:71,0
DA:72,0
DA:73,0
DA:74,0
DA:75,0
DA:76,0
DA:77,0
DA:78,0
LF:78
LH:0
BRDA:1,0,0,0
BRF:1
BRH:0
end_of_record
TN:
SF:src\server.ts
FN:1,(empty-report)
FNF:1
FNH:0
FNDA:0,(empty-report)
DA:1,0
DA:2,0
DA:3,0
DA:4,0
DA:5,0
DA:6,0
DA:7,0
DA:8,0
DA:9,0
DA:10,0
DA:11,0
LF:11
LH:0
BRDA:1,0,0,0
BRF:1
BRH:0
end_of_record
TN:
SF:src\entities\professor.entity.ts
FN:1,(empty-report)
FNF:1
FNH:0
FNDA:0,(empty-report)
DA:1,0
DA:2,0
DA:3,0
DA:4,0
DA:5,0
DA:6,0
LF:6
LH:0
BRDA:1,0,0,0
BRF:1
BRH:0
end_of_record
TN:
SF:src\entities\user.entity.ts
FN:1,(empty-report)
FNF:1
FNH:0
FNDA:0,(empty-report)
DA:1,0
DA:2,0
DA:3,0
DA:4,0
DA:5,0
DA:6,0
DA:7,0
DA:8,0
DA:9,0
DA:10,0
DA:11,0
DA:12,0
LF:12
LH:0
BRDA:1,0,0,0
BRF:1
BRH:0
end_of_record
TN:
SF:src\entities\models\post.interface.ts
FN:1,(empty-report)
FNF:1
FNH:0
FNDA:0,(empty-report)
DA:1,0
DA:2,0
DA:3,0
DA:4,0
DA:5,0
DA:6,0
DA:7,0
DA:8,0
DA:9,0
LF:9
LH:0
BRDA:1,0,0,0
BRF:1
BRH:0
end_of_record
TN:
SF:src\entities\models\professor.interface.ts
FN:1,(empty-report)
FNF:1
FNH:0
FNDA:0,(empty-report)
DA:1,0
DA:2,0
DA:3,0
DA:4,0
DA:5,0
DA:6,0
LF:6
LH:0
BRDA:1,0,0,0
BRF:1
BRH:0
end_of_record
TN:
SF:src\entities\models\user.interface.ts
FN:1,(empty-report)
FNF:1
FNH:0
FNDA:0,(empty-report)
DA:1,0
DA:2,0
DA:3,0
DA:4,0
DA:5,0
LF:5
LH:0
BRDA:1,0,0,0
BRF:1
BRH:0
end_of_record
TN:
SF:src\http\controller\post\create.ts
FN:11,create
FNF:1
FNH:1
FNDA:6,create
DA:1,1
DA:3,1
DA:5,1
DA:6,1
DA:7,1
DA:8,1
DA:9,1
DA:11,6
DA:12,6
DA:13,6
DA:14,6
DA:15,6
DA:17,6
DA:19,6
DA:20,2
DA:21,2
DA:22,2
DA:23,2
DA:25,2
DA:26,2
DA:27,2
DA:28,2
DA:29,2
DA:30,2
DA:31,2
DA:33,1
DA:34,6
DA:35,3
DA:36,2
DA:37,2
DA:38,2
DA:39,2
DA:40,2
DA:41,1
DA:42,1
DA:43,6
DA:45,1
DA:46,1
DA:47,1
DA:48,1
DA:49,1
DA:50,1
DA:51,1
DA:52,1
DA:53,1
DA:54,1
DA:55,1
DA:56,1
DA:57,1
DA:58,1
DA:59,1
DA:60,1
DA:61,1
DA:62,1
DA:63,1
DA:64,1
DA:65,1
DA:66,1
DA:67,1
DA:68,1
DA:69,1
DA:70,1
DA:71,1
DA:72,1
DA:73,1
DA:74,1
DA:75,1
DA:76,1
DA:77,1
DA:78,1
DA:79,1
DA:80,1
DA:81,1
DA:82,1
DA:83,1
DA:84,1
DA:85,1
DA:86,1
DA:87,1
DA:88,1
DA:89,1
DA:90,1
DA:91,1
DA:92,1
DA:93,1
DA:94,1
DA:95,1
DA:96,1
DA:97,1
DA:98,1
DA:99,1
DA:100,1
DA:101,1
DA:102,1
DA:103,1
DA:104,1
DA:105,1
DA:106,1
DA:107,1
DA:108,1
DA:109,1
DA:110,1
DA:111,1
DA:112,1
DA:113,1
DA:114,1
DA:115,1
DA:116,1
DA:117,1
DA:118,1
LF:110
LH:110
BRDA:11,0,0,6
BRDA:17,1,0,3
BRDA:17,2,0,1
BRDA:19,3,0,2
BRDA:31,4,0,1
BRDA:34,5,0,3
BRDA:35,6,0,2
BRDA:40,7,0,1
BRF:8
BRH:8
end_of_record
TN:
SF:src\http\controller\post\delete.ts
FN:10,remove
FNF:1
FNH:1
FNDA:4,remove
DA:1,1
DA:2,1
DA:4,1
DA:6,1
DA:7,1
DA:8,1
DA:10,4
DA:11,4
DA:12,4
DA:14,4
DA:15,4
DA:17,1
DA:18,4
DA:19,3
DA:20,1
DA:21,1
DA:22,3
DA:23,1
DA:24,1
DA:25,1
DA:26,1
DA:27,1
DA:28,1
DA:29,1
DA:30,4
DA:32,1
DA:33,1
DA:34,1
DA:35,1
DA:36,1
DA:37,1
DA:38,1
DA:39,1
DA:40,1
DA:41,1
DA:42,1
DA:43,1
DA:44,1
DA:45,1
DA:46,1
DA:47,1
DA:48,1
DA:49,1
DA:50,1
DA:51,1
DA:52,1
DA:53,1
DA:54,1
DA:55,1
DA:56,1
DA:57,1
DA:58,1
DA:59,1
DA:60,1
DA:61,1
DA:62,1
DA:63,1
DA:64,1
DA:65,1
DA:66,1
DA:67,1
DA:68,1
DA:69,1
DA:70,1
DA:71,1
DA:72,1
DA:73,1
DA:74,1
LF:68
LH:68
BRDA:10,0,0,4
BRDA:15,1,0,1
BRDA:18,2,0,3
BRDA:19,3,0,1
BRDA:21,4,0,2
BRDA:22,5,0,1
BRF:6
BRH:6
end_of_record
TN:
SF:src\http\controller\post\find-all.ts
FN:4,findAll
FNF:1
FNH:1
FNDA:1,findAll
DA:1,1
DA:4,1
DA:5,1
DA:6,1
DA:7,1
DA:9,1
DA:10,1
DA:11,0
DA:12,0
DA:13,1
DA:15,1
DA:16,1
DA:17,1
DA:18,1
DA:19,1
DA:20,1
DA:21,1
DA:22,1
DA:23,1
DA:24,1
DA:25,1
DA:26,1
DA:27,1
DA:28,1
DA:29,1
DA:30,1
DA:31,1
DA:32,1
DA:33,1
DA:34,1
DA:35,1
DA:36,1
DA:37,1
DA:38,1
DA:39,1
DA:40,1
DA:41,1
DA:42,1
DA:43,1
DA:44,1
DA:45,1
DA:46,1
LF:42
LH:40
BRDA:4,0,0,1
BRDA:10,1,0,0
BRF:2
BRH:1
end_of_record
TN:
SF:src\http\controller\post\find-by-id.ts
FN:10,findById
FNF:1
FNH:1
FNDA:4,findById
DA:1,1
DA:2,1
DA:4,1
DA:6,1
DA:7,1
DA:8,1
DA:10,4
DA:11,4
DA:12,4
DA:14,4
DA:15,4
DA:17,1
DA:18,4
DA:19,3
DA:20,1
DA:21,1
DA:22,3
DA:23,1
DA:24,1
DA:25,1
DA:26,1
DA:27,1
DA:28,1
DA:29,1
DA:30,4
DA:32,1
DA:33,1
DA:34,1
DA:35,1
DA:36,1
DA:37,1
DA:38,1
DA:39,1
DA:40,1
DA:41,1
DA:42,1
DA:43,1
DA:44,1
DA:45,1
DA:46,1
DA:47,1
DA:48,1
DA:49,1
DA:50,1
DA:51,1
DA:52,1
DA:53,1
DA:54,1
DA:55,1
DA:56,1
DA:57,1
DA:58,1
DA:59,1
DA:60,1
DA:61,1
DA:62,1
DA:63,1
DA:64,1
DA:65,1
DA:66,1
DA:67,1
DA:68,1
DA:69,1
DA:70,1
DA:71,1
DA:72,1
DA:73,1
DA:74,1
DA:75,1
DA:76,1
DA:77,1
DA:78,1
DA:79,1
DA:80,1
DA:81,1
DA:82,1
DA:83,1
DA:84,1
DA:85,1
DA:86,1
DA:87,1
DA:88,1
DA:89,1
DA:90,1
DA:91,1
DA:92,1
DA:93,1
DA:94,1
DA:95,1
DA:96,1
DA:97,1
DA:98,1
DA:99,1
LF:93
LH:93
BRDA:10,0,0,4
BRDA:15,1,0,1
BRDA:18,2,0,3
BRDA:19,3,0,1
BRDA:21,4,0,2
BRDA:22,5,0,1
BRF:6
BRH:6
end_of_record
TN:
SF:src\http\controller\post\routes.ts
FN:10,postRoutes
FNF:1
FNH:1
FNDA:2,postRoutes
DA:1,1
DA:3,1
DA:4,1
DA:5,1
DA:6,1
DA:7,1
DA:8,1
DA:10,2
DA:11,2
DA:13,2
DA:15,2
DA:17,2
DA:18,2
DA:19,2
DA:20,2
DA:21,2
DA:22,2
DA:23,2
DA:24,2
DA:26,2
DA:27,2
DA:28,2
DA:29,2
DA:30,2
DA:31,2
DA:32,2
DA:33,2
DA:35,2
DA:36,2
DA:37,2
DA:38,2
DA:39,2
DA:40,2
DA:41,2
DA:42,2
DA:43,2
LF:36
LH:36
BRDA:10,0,0,2
BRF:1
BRH:1
end_of_record
TN:
SF:src\http\controller\post\search.ts
FN:6,search
FNF:1
FNH:1
FNDA:3,search
DA:1,1
DA:2,1
DA:4,1
DA:6,3
DA:7,3
DA:8,3
DA:9,3
DA:11,3
DA:12,3
DA:13,3
DA:14,3
DA:15,3
DA:16,3
DA:17,1
DA:18,1
DA:19,1
DA:20,1
DA:21,1
DA:22,1
DA:23,1
DA:24,1
DA:25,1
DA:26,1
DA:27,0
DA:28,0
DA:29,0
DA:30,3
DA:32,1
DA:33,1
DA:34,1
DA:35,1
DA:36,1
DA:37,1
DA:38,1
DA:39,1
DA:40,1
DA:42,1
DA:43,1
DA:45,1
DA:46,1
DA:47,1
DA:48,1
DA:49,1
DA:50,1
DA:51,1
DA:52,1
DA:53,1
DA:54,1
DA:55,1
DA:56,1
DA:57,1
DA:58,1
DA:59,1
DA:60,1
DA:61,1
DA:62,1
DA:63,1
DA:64,1
DA:65,1
DA:67,1
DA:68,1
DA:69,1
DA:70,1
DA:71,1
DA:72,1
DA:73,1
DA:74,1
DA:75,1
DA:76,1
DA:77,1
DA:78,1
DA:79,1
DA:80,1
DA:81,1
DA:82,1
DA:83,1
DA:84,1
DA:85,1
DA:86,1
DA:87,1
DA:88,1
DA:89,1
DA:90,1
DA:91,1
DA:92,1
DA:93,1
DA:94,1
DA:95,1
DA:96,1
LF:89
LH:86
BRDA:6,0,0,3
BRDA:15,1,0,2
BRDA:16,2,0,1
BRDA:26,3,0,0
BRF:4
BRH:3
end_of_record
TN:
SF:src\http\controller\post\update.ts
FN:20,update
FNF:1
FNH:1
FNDA:5,update
DA:2,1
DA:3,1
DA:5,1
DA:7,1
DA:8,1
DA:9,1
DA:11,1
DA:12,1
DA:13,1
DA:14,1
DA:15,1
DA:16,1
DA:17,1
DA:18,1
DA:20,5
DA:21,5
DA:22,5
DA:23,5
DA:24,5
DA:25,5
DA:26,5
DA:27,5
DA:28,5
DA:30,1
DA:31,5
DA:32,4
DA:33,1
DA:34,1
DA:35,4
DA:36,2
DA:37,2
DA:38,2
DA:39,2
DA:40,2
DA:41,1
DA:42,1
DA:43,5
DA:45,1
DA:46,1
DA:47,1
DA:48,1
DA:49,1
DA:50,1
DA:51,1
DA:52,1
DA:53,1
DA:54,1
DA:55,1
DA:56,1
DA:57,1
DA:58,1
DA:59,1
DA:60,1
DA:61,1
DA:62,1
DA:63,1
DA:64,1
DA:65,1
DA:66,1
DA:67,1
DA:68,1
DA:69,1
DA:70,1
DA:71,1
DA:72,1
DA:73,1
DA:74,1
DA:75,1
DA:76,1
DA:77,1
DA:78,1
DA:79,1
DA:80,1
DA:81,1
DA:82,1
DA:83,1
DA:84,1
DA:85,1
DA:86,1
DA:87,1
DA:88,1
DA:89,1
DA:90,1
DA:91,1
DA:92,1
DA:93,1
DA:94,1
DA:95,1
DA:96,1
DA:97,1
DA:98,1
DA:99,1
DA:100,1
DA:101,1
DA:102,1
DA:103,1
DA:104,1
DA:105,1
DA:106,1
DA:107,1
DA:108,1
DA:109,1
DA:110,1
DA:111,1
DA:112,1
DA:113,1
DA:114,1
DA:115,1
DA:116,1
DA:117,1
DA:118,1
DA:119,1
DA:120,1
DA:121,1
DA:122,1
LF:115
LH:115
BRDA:20,0,0,5
BRDA:28,1,0,1
BRDA:31,2,0,4
BRDA:32,3,0,1
BRDA:34,4,0,3
BRDA:35,5,0,2
BRDA:40,6,0,1
BRF:7
BRH:7
end_of_record
TN:
SF:src\http\controller\post\middleware\fake-auth.ts
FN:1,(empty-report)
FNF:1
FNH:0
FNDA:0,(empty-report)
DA:1,0
DA:2,0
DA:3,0
DA:4,0
DA:5,0
DA:6,0
DA:7,0
DA:8,0
DA:9,0
DA:10,0
DA:11,0
DA:12,0
DA:13,0
DA:14,0
DA:15,0
DA:16,0
DA:17,0
DA:18,0
DA:19,0
DA:20,0
LF:20
LH:0
BRDA:1,0,0,0
BRF:1
BRH:0
end_of_record
TN:
SF:src\http\controller\professor\create.ts
FN:1,(empty-report)
FNF:1
FNH:0
FNDA:0,(empty-report)
DA:1,0
DA:2,0
DA:3,0
DA:4,0
DA:5,0
DA:6,0
DA:7,0
DA:8,0
DA:9,0
DA:10,0
DA:11,0
DA:12,0
DA:13,0
DA:14,0
DA:15,0
DA:16,0
DA:17,0
DA:18,0
DA:19,0
DA:20,0
DA:21,0
DA:22,0
DA:23,0
DA:24,0
DA:25,0
DA:26,0
DA:27,0
DA:28,0
DA:29,0
DA:30,0
DA:31,0
DA:32,0
DA:33,0
DA:34,0
DA:35,0
DA:36,0
DA:37,0
DA:38,0
DA:39,0
DA:40,0
DA:41,0
DA:42,0
DA:43,0
DA:44,0
DA:45,0
DA:46,0
DA:47,0
DA:48,0
DA:49,0
DA:50,0
DA:51,0
DA:52,0
DA:53,0
DA:54,0
DA:55,0
DA:56,0
DA:57,0
LF:57
LH:0
BRDA:1,0,0,0
BRF:1
BRH:0
end_of_record
TN:
SF:src\http\controller\professor\routes.ts
FN:1,(empty-report)
FNF:1
FNH:0
FNDA:0,(empty-report)
DA:1,0
DA:2,0
DA:3,0
DA:4,0
DA:5,0
DA:6,0
LF:6
LH:0
BRDA:1,0,0,0
BRF:1
BRH:0
end_of_record
TN:
SF:src\http\controller\user\create.ts
FN:1,(empty-report)
FNF:1
FNH:0
FNDA:0,(empty-report)
DA:1,0
DA:2,0
DA:3,0
DA:4,0
DA:5,0
DA:6,0
DA:7,0
DA:8,0
DA:9,0
DA:10,0
DA:11,0
DA:12,0
DA:13,0
DA:14,0
DA:15,0
DA:16,0
DA:17,0
DA:18,0
LF:18
LH:0
BRDA:1,0,0,0
BRF:1
BRH:0
end_of_record
TN:
SF:src\http\controller\user\routes.ts
FN:1,(empty-report)
FNF:1
FNH:0
FNDA:0,(empty-report)
DA:1,0
DA:2,0
DA:3,0
DA:4,0
DA:5,0
DA:6,0
DA:7,0
DA:8,0
LF:8
LH:0
BRDA:1,0,0,0
BRF:1
BRH:0
end_of_record
TN:
SF:src\http\controller\user\signin.ts
FN:1,(empty-report)
FNF:1
FNH:0
FNDA:0,(empty-report)
DA:1,0
DA:2,0
DA:3,0
DA:4,0
DA:5,0
DA:6,0
DA:7,0
DA:8,0
DA:9,0
DA:10,0
DA:11,0
DA:12,0
DA:13,0
DA:14,0
DA:15,0
DA:16,0
DA:17,0
DA:18,0
DA:19,0
DA:20,0
DA:21,0
DA:22,0
DA:23,0
DA:24,0
DA:25,0
DA:26,0
DA:27,0
DA:28,0
DA:29,0
DA:30,0
DA:31,0
DA:32,0
DA:33,0
DA:34,0
DA:35,0
DA:36,0
DA:37,0
DA:38,0
DA:39,0
DA:40,0
DA:41,0
DA:42,0
DA:43,0
DA:44,0
DA:45,0
DA:46,0
DA:47,0
DA:48,0
DA:49,0
DA:50,0
DA:51,0
DA:52,0
DA:53,0
DA:54,0
DA:55,0
DA:56,0
DA:57,0
DA:58,0
DA:59,0
DA:60,0
DA:61,0
DA:62,0
DA:63,0
DA:64,0
DA:65,0
DA:66,0
DA:67,0
DA:68,0
DA:69,0
DA:70,0
DA:71,0
DA:72,0
DA:73,0
DA:74,0
DA:75,0
DA:76,0
DA:77,0
DA:78,0
DA:79,0
DA:80,0
DA:81,0
DA:82,0
DA:83,0
DA:84,0
DA:85,0
DA:86,0
DA:87,0
DA:88,0
DA:89,0
DA:90,0
DA:91,0
DA:92,0
DA:93,0
DA:94,0
DA:95,0
DA:96,0
DA:97,0
DA:98,0
DA:99,0
DA:100,0
DA:101,0
DA:102,0
DA:103,0
DA:104,0
DA:105,0
DA:106,0
DA:107,0
DA:108,0
DA:109,0
DA:110,0
DA:111,0
DA:112,0
DA:113,0
DA:114,0
DA:115,0
DA:116,0
DA:117,0
DA:118,0
DA:119,0
DA:120,0
DA:121,0
DA:122,0
DA:123,0
DA:124,0
DA:125,0
DA:126,0
LF:126
LH:0
BRDA:1,0,0,0
BRF:1
BRH:0
end_of_record
TN:
SF:src\http\middleware\jwt-auth.ts
FN:1,(empty-report)
FNF:1
FNH:0
FNDA:0,(empty-report)
DA:1,0
DA:2,0
DA:3,0
DA:4,0
DA:5,0
DA:6,0
DA:7,0
DA:8,0
DA:9,0
DA:10,0
DA:11,0
LF:11
LH:0
BRDA:1,0,0,0
BRF:1
BRH:0
end_of_record
TN:
SF:src\http\middleware\professor-auth.ts
FN:3,professorAuth
FNF:1
FNH:1
FNDA:2,professorAuth
DA:3,2
DA:4,2
DA:5,2
DA:7,0
DA:10,2
DA:11,0
DA:12,0
DA:13,0
DA:14,0
DA:17,0
DA:18,0
DA:19,0
DA:20,0
DA:21,0
DA:23,2
DA:24,2
DA:25,2
DA:26,2
DA:27,2
DA:28,2
LF:20
LH:10
BRDA:3,0,0,2
BRDA:5,1,0,0
BRDA:10,2,0,0
BRF:3
BRH:1
end_of_record
TN:
SF:src\lib\db.ts
FN:17,Database
FN:22,connection
FN:32,get clientInstance
FN:36,query
FNF:4
FNH:4
FNDA:8,Database
FNDA:8,connection
FNDA:7,get clientInstance
FNDA:2,query
DA:1,1
DA:2,1
DA:4,1
DA:5,1
DA:6,1
DA:7,1
DA:8,1
DA:9,1
DA:10,1
DA:11,1
DA:13,1
DA:17,1
DA:18,8
DA:19,8
DA:20,8
DA:22,1
DA:23,8
DA:24,8
DA:25,2
DA:26,2
DA:27,0
DA:28,0
DA:29,0
DA:30,8
DA:32,1
DA:33,7
DA:34,7
DA:36,1
DA:37,2
DA:38,0
DA:39,0
DA:40,2
DA:41,0
DA:42,0
DA:43,2
DA:44,2
DA:45,1
DA:47,1
LF:38
LH:31
BRDA:10,0,0,0
BRDA:17,1,0,8
BRDA:22,2,0,8
BRDA:24,3,0,2
BRDA:26,4,0,0
BRDA:32,5,0,7
BRDA:36,6,0,2
BRDA:37,7,0,0
BRDA:40,8,0,0
BRF:9
BRH:5
end_of_record
TN:
SF:src\repositories\post.repository.interface.ts
FN:1,(empty-report)
FNF:1
FNH:0
FNDA:0,(empty-report)
DA:1,0
DA:2,0
DA:3,0
DA:4,0
DA:5,0
DA:6,0
DA:7,0
DA:8,0
DA:9,0
DA:10,0
DA:11,0
DA:12,0
DA:13,0
DA:14,0
DA:15,0
LF:15
LH:0
BRDA:1,0,0,0
BRF:1
BRH:0
end_of_record
TN:
SF:src\repositories\professor.repository.interface.ts
FN:1,(empty-report)
FNF:1
FNH:0
FNDA:0,(empty-report)
DA:1,0
DA:2,0
DA:3,0
DA:4,0
DA:5,0
DA:6,0
DA:7,0
DA:8,0
LF:8
LH:0
BRDA:1,0,0,0
BRF:1
BRH:0
end_of_record
TN:
SF:src\repositories\user.repository.interface.ts
FN:1,(empty-report)
FNF:1
FNH:0
FNDA:0,(empty-report)
DA:1,0
DA:2,0
DA:3,0
DA:4,0
DA:5,0
DA:6,0
LF:6
LH:0
BRDA:1,0,0,0
BRF:1
BRH:0
end_of_record
TN:
SF:src\repositories\pg\post.repository.ts
FN:6,create
FN:17,findAll
FN:23,findById
FN:30,update
FN:70,delete
FN:73,searchQueryString
FNF:6
FNH:2
FNDA:0,create
FNDA:4,findAll
FNDA:0,findById
FNDA:0,update
FNDA:0,delete
FNDA:4,searchQueryString
DA:2,1
DA:5,1
DA:6,1
DA:7,0
DA:8,0
DA:9,0
DA:10,0
DA:13,0
DA:14,0
DA:15,0
DA:16,0
DA:17,1
DA:18,4
DA:19,4
DA:20,4
DA:21,4
DA:22,4
DA:23,1
DA:24,0
DA:25,0
DA:26,0
DA:27,0
DA:28,0
DA:29,0
DA:30,1
DA:31,0
DA:32,0
DA:33,0
DA:34,0
DA:35,0
DA:36,0
DA:38,0
DA:39,0
DA:40,0
DA:41,0
DA:42,0
DA:43,0
DA:44,0
DA:45,0
DA:46,0
DA:47,0
DA:48,0
DA:49,0
DA:50,0
DA:51,0
DA:52,0
DA:53,0
DA:55,0
DA:57,0
DA:59,0
DA:60,0
DA:61,0
DA:63,0
DA:64,0
DA:66,0
DA:67,0
DA:68,0
DA:70,1
DA:71,0
DA:72,0
DA:73,1
DA:74,4
DA:75,4
DA:76,4
DA:77,4
DA:79,4
DA:80,4
DA:81,1
LF:68
LH:20
BRDA:17,0,0,4
BRDA:21,1,0,3
BRDA:21,2,0,1
BRDA:73,3,0,4
BRDA:79,4,0,0
BRF:5
BRH:4
end_of_record
TN:
SF:src\repositories\pg\professor.repository.ts
FN:1,(empty-report)
FNF:1
FNH:0
FNDA:0,(empty-report)
DA:1,0
DA:2,0
DA:3,0
DA:4,0
DA:5,0
DA:6,0
DA:7,0
DA:8,0
DA:9,0
DA:10,0
DA:11,0
DA:12,0
DA:13,0
DA:14,0
DA:15,0
DA:16,0
DA:17,0
DA:18,0
DA:19,0
DA:20,0
DA:21,0
DA:22,0
DA:23,0
DA:24,0
DA:25,0
DA:26,0
DA:27,0
DA:28,0
DA:29,0
DA:30,0
DA:31,0
DA:32,0
DA:33,0
DA:34,0
DA:35,0
DA:36,0
DA:37,0
DA:38,0
DA:39,0
DA:40,0
DA:41,0
DA:42,0
DA:43,0
DA:44,0
DA:45,0
DA:46,0
DA:47,0
DA:48,0
DA:49,0
DA:50,0
DA:51,0
LF:51
LH:0
BRDA:1,0,0,0
BRF:1
BRH:0
end_of_record
TN:
SF:src\repositories\pg\user.repository.ts
FN:1,(empty-report)
FNF:1
FNH:0
FNDA:0,(empty-report)
DA:1,0
DA:2,0
DA:3,0
DA:4,0
DA:5,0
DA:6,0
DA:7,0
DA:8,0
DA:9,0
DA:10,0
DA:11,0
DA:12,0
DA:13,0
DA:14,0
DA:15,0
DA:16,0
DA:17,0
DA:18,0
DA:19,0
DA:20,0
DA:21,0
DA:22,0
DA:23,0
DA:24,0
DA:25,0
DA:26,0
DA:27,0
LF:27
LH:0
BRDA:1,0,0,0
BRF:1
BRH:0
end_of_record
TN:
SF:src\use-cases\create-post.ts
FN:16,CreatePostUseCase
FN:18,execute
FNF:2
FNH:2
FNDA:12,CreatePostUseCase
FNDA:3,execute
DA:15,1
DA:16,1
DA:18,1
DA:19,3
DA:20,3
DA:21,3
DA:22,3
DA:23,3
DA:24,3
DA:25,3
DA:26,3
DA:27,3
DA:28,3
DA:29,3
DA:31,3
DA:32,1
DA:33,1
DA:35,1
DA:36,1
DA:37,1
DA:38,3
DA:39,1
LF:22
LH:22
BRDA:16,0,0,12
BRDA:18,1,0,3
BRDA:29,2,0,2
BRDA:31,3,0,1
BRF:4
BRH:4
end_of_record
TN:
SF:src\use-cases\create-professor.ts
FN:1,(empty-report)
FNF:1
FNH:0
FNDA:0,(empty-report)
DA:1,0
DA:2,0
DA:3,0
DA:4,0
DA:5,0
DA:6,0
DA:7,0
DA:8,0
DA:9,0
DA:10,0
LF:10
LH:0
BRDA:1,0,0,0
BRF:1
BRH:0
end_of_record
TN:
SF:src\use-cases\create-user.ts
FN:1,(empty-report)
FNF:1
FNH:0
FNDA:0,(empty-report)
DA:1,0
DA:2,0
DA:3,0
DA:4,0
DA:5,0
DA:6,0
DA:7,0
DA:8,0
DA:9,0
DA:10,0
DA:11,0
DA:12,0
DA:13,0
DA:14,0
DA:15,0
DA:16,0
DA:17,0
DA:18,0
DA:19,0
DA:20,0
DA:21,0
LF:21
LH:0
BRDA:1,0,0,0
BRF:1
BRH:0
end_of_record
TN:
SF:src\use-cases\delete-post.ts
FN:11,DeletePostUseCase
FN:13,execute
FNF:2
FNH:2
FNDA:11,DeletePostUseCase
FNDA:4,execute
DA:2,1
DA:10,1
DA:11,1
DA:13,1
DA:14,4
DA:15,4
DA:16,4
DA:18,4
DA:19,1
DA:20,1
DA:22,2
DA:23,4
DA:24,1
LF:13
LH:13
BRDA:11,0,0,11
BRDA:13,1,0,4
BRDA:16,2,0,3
BRDA:18,3,0,1
BRDA:20,4,0,2
BRDA:22,5,0,1
BRF:6
BRH:6
end_of_record
TN:
SF:src\use-cases\find-all-posts.ts
FN:9,FindAllPostsUseCase
FN:11,execute
FNF:2
FNH:2
FNDA:7,FindAllPostsUseCase
FNDA:4,execute
DA:8,1
DA:9,1
DA:11,1
DA:12,4
DA:14,3
DA:15,3
DA:16,3
DA:17,4
DA:18,1
LF:9
LH:9
BRDA:9,0,0,7
BRDA:11,1,0,4
BRDA:12,2,0,3
BRF:3
BRH:3
end_of_record
TN:
SF:src\use-cases\find-post-by-id.ts
FN:14,FindPostByIdUseCase
FN:16,execute
FNF:2
FNH:2
FNDA:10,FindPostByIdUseCase
FNDA:3,execute
DA:3,1
DA:13,1
DA:14,1
DA:16,1
DA:17,3
DA:18,3
DA:19,3
DA:21,3
DA:22,1
DA:23,1
DA:25,1
DA:26,1
DA:27,1
DA:28,3
DA:29,1
LF:15
LH:15
BRDA:14,0,0,10
BRDA:16,1,0,3
BRDA:19,2,0,2
BRDA:21,3,0,1
BRF:4
BRH:4
end_of_record
TN:
SF:src\use-cases\find-professor-by-name.ts
FN:1,(empty-report)
FNF:1
FNH:0
FNDA:0,(empty-report)
DA:1,0
DA:2,0
DA:3,0
DA:4,0
DA:5,0
DA:6,0
DA:7,0
DA:8,0
DA:9,0
DA:10,0
DA:11,0
DA:12,0
DA:13,0
DA:14,0
DA:15,0
DA:16,0
DA:17,0
LF:17
LH:0
BRDA:1,0,0,0
BRF:1
BRH:0
end_of_record
TN:
SF:src\use-cases\search-post.ts
FN:4,SearchQueryStringUseCase
FN:6,handler
FNF:2
FNH:2
FNDA:8,SearchQueryStringUseCase
FNDA:5,handler
DA:3,1
DA:4,1
DA:6,1
DA:7,5
DA:8,5
DA:9,1
LF:6
LH:6
BRDA:4,0,0,8
BRDA:6,1,0,5
BRF:2
BRH:2
end_of_record
TN:
SF:src\use-cases\signin.ts
FN:1,(empty-report)
FNF:1
FNH:0
FNDA:0,(empty-report)
DA:1,0
DA:2,0
DA:3,0
DA:4,0
DA:5,0
DA:6,0
DA:7,0
DA:8,0
DA:9,0
DA:10,0
LF:10
LH:0
BRDA:1,0,0,0
BRF:1
BRH:0
end_of_record
TN:
SF:src\use-cases\update-post.ts
FN:18,UpdatePostUseCase
FN:20,execute
FNF:2
FNH:2
FNDA:11,UpdatePostUseCase
FNDA:3,execute
DA:3,1
DA:17,1
DA:18,1
DA:20,1
DA:21,3
DA:22,3
DA:23,3
DA:24,3
DA:26,3
DA:27,1
DA:28,1
DA:30,1
DA:31,1
DA:32,1
DA:33,3
DA:34,1
LF:16
LH:16
BRDA:18,0,0,11
BRDA:20,1,0,3
BRDA:24,2,0,2
BRDA:26,3,0,1
BRF:4
BRH:4
end_of_record
TN:
SF:src\use-cases\errors\invalid-credentials-error.ts
FN:1,(empty-report)
FNF:1
FNH:0
FNDA:0,(empty-report)
DA:1,0
DA:2,0
DA:3,0
DA:4,0
DA:5,0
LF:5
LH:0
BRDA:1,0,0,0
BRF:1
BRH:0
end_of_record
TN:
SF:src\use-cases\errors\resource-not-found-error.ts
FN:2,ResourceNotFoundError
FNF:1
FNH:1
FNDA:6,ResourceNotFoundError
DA:1,1
DA:2,1
DA:3,6
DA:4,6
DA:5,1
LF:5
LH:5
BRDA:2,0,0,6
BRF:1
BRH:1
end_of_record
TN:
SF:src\use-cases\factory\make-create-post-use-case.ts
FN:4,makeCreatePostUseCase
FNF:1
FNH:1
FNDA:3,makeCreatePostUseCase
DA:1,1
DA:2,1
DA:4,1
DA:5,3
DA:6,3
DA:8,3
DA:9,3
LF:7
LH:7
BRDA:4,0,0,3
BRF:1
BRH:1
end_of_record
TN:
SF:src\use-cases\factory\make-create-professor-use-case.ts
FN:1,(empty-report)
FNF:1
FNH:0
FNDA:0,(empty-report)
DA:1,0
DA:2,0
DA:3,0
DA:4,0
DA:5,0
DA:6,0
DA:7,0
DA:8,0
LF:8
LH:0
BRDA:1,0,0,0
BRF:1
BRH:0
end_of_record
TN:
SF:src\use-cases\factory\make-create-user-use-case.ts
FN:1,(empty-report)
FNF:1
FNH:0
FNDA:0,(empty-report)
DA:1,0
DA:2,0
DA:3,0
DA:4,0
DA:5,0
DA:6,0
DA:7,0
DA:8,0
DA:9,0
LF:9
LH:0
BRDA:1,0,0,0
BRF:1
BRH:0
end_of_record
TN:
SF:src\use-cases\factory\make-delete-post-use-case.ts
FN:4,makeDeletePostUseCase
FNF:1
FNH:1
FNDA:3,makeDeletePostUseCase
DA:1,1
DA:2,1
DA:4,1
DA:5,3
DA:6,3
DA:8,3
DA:9,3
LF:7
LH:7
BRDA:4,0,0,3
BRF:1
BRH:1
end_of_record
TN:
SF:src\use-cases\factory\make-find-all-posts-use-case.ts
FN:4,makeFindAllPostsUseCase
FNF:1
FNH:1
FNDA:4,makeFindAllPostsUseCase
DA:1,1
DA:2,1
DA:4,1
DA:5,4
DA:6,4
DA:7,4
DA:8,4
LF:7
LH:7
BRDA:4,0,0,4
BRF:1
BRH:1
end_of_record
TN:
SF:src\use-cases\factory\make-find-post-by-id-use-case.ts
FN:4,makeFindPostByIdUseCase
FNF:1
FNH:1
FNDA:3,makeFindPostByIdUseCase
DA:1,1
DA:2,1
DA:4,1
DA:5,3
DA:6,3
DA:8,3
DA:9,3
LF:7
LH:7
BRDA:4,0,0,3
BRF:1
BRH:1
end_of_record
TN:
SF:src\use-cases\factory\make-find-professor-by-name-use-case.ts
FN:1,(empty-report)
FNF:1
FNH:0
FNDA:0,(empty-report)
DA:1,0
DA:2,0
DA:3,0
DA:4,0
DA:5,0
DA:6,0
DA:7,0
DA:8,0
DA:9,0
DA:10,0
DA:11,0
LF:11
LH:0
BRDA:1,0,0,0
BRF:1
BRH:0
end_of_record
TN:
SF:src\use-cases\factory\make-search-post-use-case.ts
FN:4,makeSearchPostUseCase
FNF:1
FNH:1
FNDA:3,makeSearchPostUseCase
DA:1,1
DA:2,1
DA:4,1
DA:5,3
DA:6,3
DA:8,3
DA:9,3
LF:7
LH:7
BRDA:4,0,0,3
BRF:1
BRH:1
end_of_record
TN:
SF:src\use-cases\factory\make-signin-use-case.ts
FN:1,(empty-report)
FNF:1
FNH:0
FNDA:0,(empty-report)
DA:1,0
DA:2,0
DA:3,0
DA:4,0
DA:5,0
DA:6,0
DA:7,0
DA:8,0
DA:9,0
DA:10,0
LF:10
LH:0
BRDA:1,0,0,0
BRF:1
BRH:0
end_of_record
TN:
SF:src\use-cases\factory\make-update-post-use-case.ts
FN:4,makeUpdatePostUseCase
FNF:1
FNH:1
FNDA:3,makeUpdatePostUseCase
DA:1,1
DA:2,1
DA:4,1
DA:5,3
DA:6,3
DA:8,3
DA:9,3
LF:7
LH:7
BRDA:4,0,0,3
BRF:1
BRH:1
end_of_record
TN:
SF:src\utils\global-error-handler.ts
FN:1,(empty-report)
FNF:1
FNH:0
FNDA:0,(empty-report)
DA:1,0
DA:2,0
DA:3,0
DA:4,0
DA:5,0
DA:6,0
DA:7,0
DA:8,0
DA:9,0
DA:10,0
DA:11,0
DA:12,0
DA:13,0
DA:14,0
DA:15,0
DA:16,0
DA:17,0
DA:18,0
DA:19,0
DA:20,0
DA:21,0
DA:22,0
DA:23,0
DA:24,0
DA:25,0
DA:26,0
DA:27,0
DA:28,0
DA:29,0
DA:30,0
DA:31,0
DA:32,0
DA:33,0
DA:34,0
DA:35,0
DA:36,0
DA:37,0
DA:38,0
DA:39,0
DA:40,0
DA:41,0
DA:42,0
DA:43,0
DA:44,0
LF:44
LH:0
BRDA:1,0,0,0
BRF:1
BRH:0
end_of_record
